{
  "RSpec": {
    "coverage": {
      "/home/ubuntu/workspace/spec/views/pages/home.html.erb_spec.rb": [
        1,
        null,
        1,
        1,
        null
      ],
      "/home/ubuntu/workspace/spec/rails_helper.rb": [
        null,
        1,
        1,
        1,
        null,
        1,
        1,
        null,
        null,
        null,
        null,
        null,
        null,
        null,
        null,
        null,
        null,
        null,
        null,
        null,
        null,
        null,
        null,
        null,
        null,
        null,
        1,
        null,
        1,
        null,
        1,
        null,
        null,
        null,
        null,
        1,
        null,
        null,
        null,
        null,
        null,
        null,
        null,
        null,
        null,
        null,
        null,
        null,
        null,
        null,
        1,
        null,
        null,
        1,
        null,
        null,
        null
      ],
      "/home/ubuntu/workspace/app/helpers/application_helper.rb": [
        1,
        1,
        0,
        null,
        null,
        1,
        0,
        null,
        null,
        1,
        0,
        null,
        1,
        0,
        null,
        null
      ],
      "/home/ubuntu/workspace/app/helpers/pages_helper.rb": [
        1,
        null
      ],
      "/home/ubuntu/workspace/app/helpers/remote_link_pagination_helper.rb": [
        1,
        null,
        null,
        null,
        null,
        null,
        null,
        null
      ]
    },
    "timestamp": 1507471533
  }
}
